=== Started 2018-01-19T01-09-30-007 ===
[INFO ][01:09:30] 418 bad words loaded
[WARN ][01:09:30] User account "Local Administrator" disabled
[WARN ][01:09:30] User account "Local Moderator" disabled
[WARN ][01:09:30] User account "Local User" disabled
[INFO ][01:09:30] 1 user records loaded.
[INFO ][01:09:30] 0 IP ban records loaded.
[INFO ][01:09:30] [1m[32mMultiOgar-Edited 1.6.1[37m - An open source multi-protocol ogar server[0m
[INFO ][01:09:30] WebSocket: ws
[INFO ][01:09:30] Started stats server on port 88
[INFO ][01:09:30] Listening on port 443
[INFO ][01:09:30] Current game mode is Free For All
[NONE ][01:09:30]   __  __       _ _   _  ___                        _____    _ _ _           _    _   __    _ 
 |  \/  |_   _| | |_(_)/ _ \  __ _  __ _ _ __     | ____|__| (_) |_ ___  __| |  / | / /_  / |
 | |\/| | | | | | __| | | | |/ _` |/ _` | '__|____|  _| / _` | | __/ _ \/ _` |  | || '_ \ | |
 | |  | | |_| | | |_| | |_| | (_| | (_| | | |_____| |__| (_| | | ||  __/ (_| |  | || (_) || |
 |_|  |_|\__,_|_|\__|_|\___/ \__, |\__,_|_|       |_____\__,_|_|\__\___|\__,_|  |_(_)___(_)_|
                             |___/                                                           
[NONE ][01:09:31] CONNECTED 127.0.0.1:50182, origin: "file://"
[NONE ][01:09:34] LOGIN        127.0.0.1:50182 as "Theo"
[NONE ][01:09:57] DISCONNECTED 127.0.0.1:50182, code: 1005, reason: "", name: "Profile 2"
[NONE ][01:09:57] CONNECTED 127.0.0.1:50218, origin: "file://"
